<?xml version="1.0" encoding="UTF-8"?>
<!-- Generated by org.testng.reporters.JUnitXMLReporter -->
<testsuite ignored="1" hostname="SRAVANI" failures="0" tests="1" name="Test" time="33.534" errors="0" timestamp="2023-04-27T07:55:06 IST">
  <testcase classname="vtiger.OrganisationsTests.CreatenewOrganisationTest" name="createNewOrgTest" time="18.19"/>
  <testcase classname="vtiger.OrganisationsTests.CreatenewOrganisationTest" name="demo" time="0.0">
    <ignored/>
  </testcase> <!-- demo -->
</testsuite> <!-- Test -->
